2024-05-01 20:54:41,925 - 20 - autoreload - Watching for file changes with StatReloader
2024-05-01 20:55:56,010 - 20 - autoreload - C:\dev\PycharmProjects\D6\NewsPaper\NewsPaper\settings.py changed, reloading.
2024-05-01 21:03:33,670 - 20 - autoreload - Watching for file changes with StatReloader
2024-05-01 21:06:38,662 - 20 - autoreload - C:\dev\PycharmProjects\D6\NewsPaper\NewsPaper\settings.py changed, reloading.
2024-05-01 21:07:18,438 - 20 - autoreload - Watching for file changes with StatReloader
2024-05-01 21:27:20,691 - 20 - autoreload - C:\dev\PycharmProjects\D6\NewsPaper\NewsPaper\settings.py changed, reloading.
2024-05-01 21:27:21,388 - 20 - autoreload - Watching for file changes with StatReloader
2024-05-01 21:29:37,524 - 20 - autoreload - C:\dev\PycharmProjects\D6\NewsPaper\NewsPaper\settings.py changed, reloading.
2024-05-01 21:29:38,113 - 20 - autoreload - Watching for file changes with StatReloader
2024-05-01 21:34:44,745 - 20 - autoreload - C:\dev\PycharmProjects\D6\NewsPaper\NewsPaper\settings.py changed, reloading.
2024-05-01 21:34:45,471 - INFO - autoreload - Watching for file changes with StatReloader
2024-05-01 21:37:37,093 - INFO - autoreload - C:\dev\PycharmProjects\D6\NewsPaper\news\models.py changed, reloading.
2024-05-01 21:37:37,681 - INFO - autoreload - Watching for file changes with StatReloader
2024-05-01 21:37:58,903 - INFO - autoreload - C:\dev\PycharmProjects\D6\NewsPaper\news\models.py changed, reloading.
2024-05-01 21:37:59,499 - INFO - autoreload - Watching for file changes with StatReloader
2024-05-01 21:44:54,431 - INFO - autoreload - C:\dev\PycharmProjects\D6\NewsPaper\NewsPaper\settings.py changed, reloading.
2024-05-01 21:44:55,086 - INFO - autoreload - Watching for file changes with StatReloader
2024-05-01 21:45:36,913 - INFO - autoreload - C:\dev\PycharmProjects\D6\NewsPaper\NewsPaper\settings.py changed, reloading.
2024-05-01 21:45:37,534 - INFO - autoreload - Watching for file changes with StatReloader
2024-05-02 20:46:53,651 - INFO - autoreload - Watching for file changes with StatReloader
2024-05-02 21:00:01,377 - INFO - autoreload - C:\dev\PycharmProjects\D6\NewsPaper\NewsPaper\settings.py changed, reloading.
2024-05-02 21:00:02,090 - INFO - autoreload - Watching for file changes with StatReloader
